<?xml version="1.0" encoding="UTF-8"?>
<testng-results ignored="0" total="1" passed="1" failed="0" skipped="0">
  <reporter-output>
  </reporter-output>
  <suite started-at="2025-06-28T15:36:02 IST" name="Suite" finished-at="2025-06-28T15:36:02 IST" duration-ms="96">
    <groups>
    </groups>
    <test started-at="2025-06-28T15:36:02 IST" name="Test" finished-at="2025-06-28T15:36:02 IST" duration-ms="96">
      <class name="testscript.FirstClass">
        <test-method signature="myFirstMethod()[pri:0, instance:testscript.FirstClass@10d307f1]" started-at="2025-06-28T15:36:02 IST" name="myFirstMethod" finished-at="2025-06-28T15:36:02 IST" duration-ms="23" status="PASS">
          <reporter-output>
          </reporter-output>
        </test-method> <!-- myFirstMethod -->
      </class> <!-- testscript.FirstClass -->
    </test> <!-- Test -->
  </suite> <!-- Suite -->
</testng-results>
